2019-08-12T09:11:32.056Z - info:   [25692] *** FOLDER: c:\Users\RussellKallman\Documents\AL\TFB Tenant Specific Extensions\TFB_BC_ReportPack ***
2019-08-12T09:11:32.056Z - info:   [25692] AzureReposVSCode/1.149.2 (VSCode 1.37.0; Windows_NT 10.0.17763; Node 10.11.0)
2019-08-12T09:11:32.056Z - debug:  [25692] Looking for an External Context at c:\Users\RussellKallman\Documents\AL\TFB Tenant Specific Extensions\TFB_BC_ReportPack
2019-08-12T09:11:32.056Z - debug:  [25692] No External Context at c:\Users\RussellKallman\Documents\AL\TFB Tenant Specific Extensions\TFB_BC_ReportPack
2019-08-12T09:11:32.067Z - debug:  [25692] _isTeamServicesUrl: true
2019-08-12T09:11:32.067Z - debug:  [25692] Parsing values from repositoryInfo as string url
2019-08-12T09:11:32.109Z - debug:  [25692] Started ApplicationInsights telemetry
2019-08-12T09:11:32.109Z - info:   [25692] Getting repository information with repositoryInfoClient
2019-08-12T09:11:32.109Z - debug:  [25692] RemoteUrl = https://dev.azure.com/russell0640/Business%20Central%20for%20TFB/_git/TFB_BC_ReportPack
2019-08-12T09:11:32.109Z - debug:  [25692] Getting repository information for a Git repository at https://dev.azure.com/russell0640/Business%20Central%20for%20TFB/_git/TFB_BC_ReportPack
2019-08-12T09:11:32.373Z - debug:  [25692] Repository information blob:
2019-08-12T09:11:32.373Z - debug:  serverUrl=https://dev.azure.com/russell0640, id=45a01cc7-0a90-4cf3-a861-3b670ded71c5, name=russell0640, url=https://dev.azure.com/russell0640/_apis/projectCollections/45a01cc7-0a90-4cf3-a861-3b670ded71c5, id=d3bc9b07-8d9b-464b-bf38-55a66e6e7800, name=TFB_BC_ReportPack, url=https://dev.azure.com/russell0640/_apis/git/repositories/d3bc9b07-8d9b-464b-bf38-55a66e6e7800, id=bc7689df-a090-4e78-a35f-bbfb3284fa4a, name=Business Central for TFB, description=Self configuration of Microsoft Business CEntral, url=https://dev.azure.com/russell0640/_apis/projects/bc7689df-a090-4e78-a35f-bbfb3284fa4a, state=1, revision=21, visibility=0, lastUpdateTime=2019-07-31T17:05:07.183Z, size=734, remoteUrl=https://russell0640@dev.azure.com/russell0640/Business%20Central%20for%20TFB/_git/TFB_BC_ReportPack
2019-08-12T09:11:32.373Z - debug:  [25692] _isTeamServicesUrl: true
2019-08-12T09:11:32.374Z - debug:  [25692] Parsing values from repositoryInfo object as any
2019-08-12T09:11:32.374Z - debug:  [25692] _collection: russell0640
2019-08-12T09:11:32.374Z - debug:  [25692] _collectionId: 45a01cc7-0a90-4cf3-a861-3b670ded71c5
2019-08-12T09:11:32.374Z - debug:  [25692] _repositoryId: d3bc9b07-8d9b-464b-bf38-55a66e6e7800
2019-08-12T09:11:32.374Z - debug:  [25692] _repositoryName: TFB_BC_ReportPack
2019-08-12T09:11:32.374Z - debug:  [25692] _teamProject: Business Central for TFB
2019-08-12T09:11:32.374Z - debug:  [25692] Finished getting repository information for a Git repository at https://dev.azure.com/russell0640/Business%20Central%20for%20TFB/_git/TFB_BC_ReportPack
2019-08-12T09:11:32.374Z - info:   [25692] Getting connectionData with accountClient
2019-08-12T09:11:32.374Z - debug:  [25692] connectionUrl = https://dev.azure.com/russell0640
2019-08-12T09:11:32.579Z - info:   [25692] Retrieved connectionData with accountClient
2019-08-12T09:11:32.580Z - debug:  [25692] Found pinned queries in user configuration settings.
2019-08-12T09:11:32.580Z - debug:  [25692] No account-specific pinned query or global pinned query found. Using default.
2019-08-12T09:11:32.580Z - info:   [25692] Sent extension start up telemetry
2019-08-12T09:11:32.580Z - debug:  id=9c8c9741-37aa-6862-8468-c73adb4b178b, descriptor=Microsoft.IdentityModel.Claims.ClaimsIdentity;3ce2aa56-64db-4048-9ae4-f0bf827f4459\russell@tfbtrading.com.au, subjectDescriptor=aad.OWM4Yzk3NDEtMzdhYS03ODYyLTg0NjgtYzczYWRiNGIxNzhi, providerDisplayName=Russell Kallman, isActive=true, $type=System.String, $value=russell@tfbtrading.com.au, resourceVersion=2, metaTypeId=0, id=9c8c9741-37aa-6862-8468-c73adb4b178b, descriptor=Microsoft.IdentityModel.Claims.ClaimsIdentity;3ce2aa56-64db-4048-9ae4-f0bf827f4459\russell@tfbtrading.com.au, subjectDescriptor=aad.OWM4Yzk3NDEtMzdhYS03ODYyLTg0NjgtYzczYWRiNGIxNzhi, providerDisplayName=Russell Kallman, isActive=true, $type=System.String, $value=russell@tfbtrading.com.au, resourceVersion=2, metaTypeId=0, instanceId=45a01cc7-0a90-4cf3-a861-3b670ded71c5, deploymentId=82bbd8fd-0b52-0619-71dd-a91e6ecc3650, deploymentType=hosted, serviceOwner=00025394-6065-48ca-87d9-7f5672854ef7, defaultAccessMappingMoniker=PublicAccessMapping, lastChangeId=243593246, lastChangeId64=243593246
2019-08-12T09:11:32.581Z - debug:  [25692] Account: russell0640 Team Project: Business Central for TFB Collection: russell0640 Repository: TFB_BC_ReportPack UserCustomDisplayName: undefined UserProviderDisplayName: Russell Kallman UserId: 9c8c9741-37aa-6862-8468-c73adb4b178b 
2019-08-12T09:11:32.581Z - debug:  [25692] repositoryFolder: c:\Users\RussellKallman\Documents\AL\TFB Tenant Specific Extensions\TFB_BC_ReportPack\.git
2019-08-12T09:11:32.581Z - debug:  [25692] repositoryRemoteUrl: https://dev.azure.com/russell0640/Business%20Central%20for%20TFB/_git/TFB_BC_ReportPack
2019-08-12T09:11:32.581Z - debug:  [25692] gitRepositoryParentFolder: c:\Users\RussellKallman\Documents\AL\TFB Tenant Specific Extensions\TFB_BC_ReportPack
2019-08-12T09:11:32.581Z - debug:  [25692] gitCurrentBranch: master
2019-08-12T09:11:32.581Z - debug:  [25692] gitCurrentRef: refs/heads/master
2019-08-12T09:11:32.581Z - debug:  [25692] IsSsh: true
2019-08-12T09:11:32.581Z - debug:  [25692] proxy: not enabled, azure devops services: true
2019-08-12T09:11:36.594Z - info:   [25692] Polling for pull requests...
2019-08-12T09:11:36.594Z - info:   [25692] Getting pull requests that I requested...
2019-08-12T09:11:36.595Z - info:   [25692] Polling for latest current build status...
2019-08-12T09:11:36.595Z - info:   [25692] Getting current build from badge...
2019-08-12T09:11:36.595Z - info:   [25692] Polling for the pinned work itemquery
2019-08-12T09:11:36.595Z - info:   [25692] Running pinned work item query to get count (Business Central for TFB)...
2019-08-12T09:11:37.036Z - info:   [25692] No builds were found for team Business Central for TFB, repo id d3bc9b07-8d9b-464b-bf38-55a66e6e7800, + branch master
2019-08-12T09:11:38.284Z - info:   [25692] Retrieved 0 pull requests that I requested
2019-08-12T09:11:38.285Z - info:   [25692] Getting pull requests for which I'm a reviewer...
2019-08-12T09:11:38.488Z - info:   [25692] Retrieved 0 pull requests that I'm the reviewer
2019-08-12T09:21:32.593Z - info:   [25692] Polling for pull requests...
2019-08-12T09:21:32.593Z - info:   [25692] Getting pull requests that I requested...
2019-08-12T09:21:32.595Z - info:   [25692] Polling for latest current build status...
2019-08-12T09:21:32.595Z - info:   [25692] Getting current build from badge...
2019-08-12T09:21:32.596Z - info:   [25692] Polling for the pinned work itemquery
2019-08-12T09:21:32.596Z - info:   [25692] Running pinned work item query to get count (Business Central for TFB)...
2019-08-12T09:21:33.040Z - info:   [25692] Retrieved 0 pull requests that I requested
2019-08-12T09:21:33.041Z - info:   [25692] Getting pull requests for which I'm a reviewer...
2019-08-12T09:21:33.045Z - info:   [25692] No builds were found for team Business Central for TFB, repo id d3bc9b07-8d9b-464b-bf38-55a66e6e7800, + branch master
2019-08-12T09:21:33.238Z - info:   [25692] Retrieved 0 pull requests that I'm the reviewer
2019-08-12T09:31:32.603Z - info:   [25692] Polling for pull requests...
2019-08-12T09:31:32.604Z - info:   [25692] Getting pull requests that I requested...
2019-08-12T09:31:32.604Z - info:   [25692] Polling for latest current build status...
2019-08-12T09:31:32.608Z - info:   [25692] Getting current build from badge...
2019-08-12T09:31:32.608Z - info:   [25692] Polling for the pinned work itemquery
2019-08-12T09:31:32.608Z - info:   [25692] Running pinned work item query to get count (Business Central for TFB)...
2019-08-12T09:31:33.139Z - info:   [25692] Retrieved 0 pull requests that I requested
2019-08-12T09:31:33.139Z - info:   [25692] Getting pull requests for which I'm a reviewer...
2019-08-12T09:31:33.157Z - info:   [25692] No builds were found for team Business Central for TFB, repo id d3bc9b07-8d9b-464b-bf38-55a66e6e7800, + branch master
2019-08-12T09:31:33.342Z - info:   [25692] Retrieved 0 pull requests that I'm the reviewer
2019-08-12T09:41:32.613Z - info:   [25692] Polling for pull requests...
2019-08-12T09:41:32.614Z - info:   [25692] Getting pull requests that I requested...
2019-08-12T09:41:32.614Z - info:   [25692] Polling for latest current build status...
2019-08-12T09:41:32.614Z - info:   [25692] Getting current build from badge...
2019-08-12T09:41:32.615Z - info:   [25692] Polling for the pinned work itemquery
2019-08-12T09:41:32.615Z - info:   [25692] Running pinned work item query to get count (Business Central for TFB)...
2019-08-12T09:41:33.102Z - info:   [25692] No builds were found for team Business Central for TFB, repo id d3bc9b07-8d9b-464b-bf38-55a66e6e7800, + branch master
2019-08-12T09:41:33.108Z - info:   [25692] Retrieved 0 pull requests that I requested
2019-08-12T09:41:33.108Z - info:   [25692] Getting pull requests for which I'm a reviewer...
2019-08-12T09:41:33.303Z - info:   [25692] Retrieved 0 pull requests that I'm the reviewer
2019-08-12T09:51:32.624Z - info:   [25692] Polling for pull requests...
2019-08-12T09:51:32.624Z - info:   [25692] Getting pull requests that I requested...
2019-08-12T09:51:32.625Z - info:   [25692] Polling for latest current build status...
2019-08-12T09:51:32.625Z - info:   [25692] Getting current build from badge...
2019-08-12T09:51:32.625Z - info:   [25692] Polling for the pinned work itemquery
2019-08-12T09:51:32.625Z - info:   [25692] Running pinned work item query to get count (Business Central for TFB)...
2019-08-12T09:51:33.069Z - info:   [25692] Retrieved 0 pull requests that I requested
2019-08-12T09:51:33.069Z - info:   [25692] Getting pull requests for which I'm a reviewer...
2019-08-12T09:51:33.073Z - info:   [25692] No builds were found for team Business Central for TFB, repo id d3bc9b07-8d9b-464b-bf38-55a66e6e7800, + branch master
2019-08-12T09:51:33.267Z - info:   [25692] Retrieved 0 pull requests that I'm the reviewer
2019-08-12T10:01:32.624Z - info:   [25692] Polling for pull requests...
2019-08-12T10:01:32.625Z - info:   [25692] Getting pull requests that I requested...
2019-08-12T10:01:32.625Z - info:   [25692] Polling for latest current build status...
2019-08-12T10:01:32.626Z - info:   [25692] Getting current build from badge...
2019-08-12T10:01:32.626Z - info:   [25692] Polling for the pinned work itemquery
2019-08-12T10:01:32.627Z - info:   [25692] Running pinned work item query to get count (Business Central for TFB)...
2019-08-12T10:01:33.067Z - info:   [25692] Retrieved 0 pull requests that I requested
2019-08-12T10:01:33.068Z - info:   [25692] Getting pull requests for which I'm a reviewer...
2019-08-12T10:01:33.274Z - info:   [25692] Retrieved 0 pull requests that I'm the reviewer
2019-08-12T10:01:33.283Z - info:   [25692] No builds were found for team Business Central for TFB, repo id d3bc9b07-8d9b-464b-bf38-55a66e6e7800, + branch master
2019-08-12T10:11:32.624Z - info:   [25692] Polling for pull requests...
2019-08-12T10:11:32.625Z - info:   [25692] Getting pull requests that I requested...
2019-08-12T10:11:32.626Z - info:   [25692] Polling for latest current build status...
2019-08-12T10:11:32.626Z - info:   [25692] Getting current build from badge...
2019-08-12T10:11:32.626Z - info:   [25692] Polling for the pinned work itemquery
2019-08-12T10:11:32.627Z - info:   [25692] Running pinned work item query to get count (Business Central for TFB)...
2019-08-12T10:11:33.054Z - info:   [25692] Retrieved 0 pull requests that I requested
2019-08-12T10:11:33.055Z - info:   [25692] Getting pull requests for which I'm a reviewer...
2019-08-12T10:11:33.058Z - info:   [25692] No builds were found for team Business Central for TFB, repo id d3bc9b07-8d9b-464b-bf38-55a66e6e7800, + branch master
2019-08-12T10:11:33.247Z - info:   [25692] Retrieved 0 pull requests that I'm the reviewer
2019-08-12T10:21:32.625Z - info:   [25692] Polling for pull requests...
2019-08-12T10:21:32.626Z - info:   [25692] Getting pull requests that I requested...
2019-08-12T10:21:32.626Z - info:   [25692] Polling for latest current build status...
2019-08-12T10:21:32.627Z - info:   [25692] Getting current build from badge...
2019-08-12T10:21:32.627Z - info:   [25692] Polling for the pinned work itemquery
2019-08-12T10:21:32.627Z - info:   [25692] Running pinned work item query to get count (Business Central for TFB)...
2019-08-12T10:21:33.049Z - info:   [25692] No builds were found for team Business Central for TFB, repo id d3bc9b07-8d9b-464b-bf38-55a66e6e7800, + branch master
2019-08-12T10:21:33.051Z - info:   [25692] Retrieved 0 pull requests that I requested
2019-08-12T10:21:33.051Z - info:   [25692] Getting pull requests for which I'm a reviewer...
2019-08-12T10:21:33.244Z - info:   [25692] Retrieved 0 pull requests that I'm the reviewer
2019-08-12T10:31:32.647Z - info:   [25692] Polling for pull requests...
2019-08-12T10:31:32.648Z - info:   [25692] Getting pull requests that I requested...
2019-08-12T10:31:32.649Z - info:   [25692] Polling for latest current build status...
2019-08-12T10:31:32.649Z - info:   [25692] Getting current build from badge...
2019-08-12T10:31:32.649Z - info:   [25692] Polling for the pinned work itemquery
2019-08-12T10:31:32.649Z - info:   [25692] Running pinned work item query to get count (Business Central for TFB)...
2019-08-12T10:31:33.263Z - info:   [25692] No builds were found for team Business Central for TFB, repo id d3bc9b07-8d9b-464b-bf38-55a66e6e7800, + branch master
2019-08-12T10:31:33.698Z - info:   [25692] Retrieved 0 pull requests that I requested
2019-08-12T10:31:33.699Z - info:   [25692] Getting pull requests for which I'm a reviewer...
2019-08-12T10:31:33.893Z - info:   [25692] Retrieved 0 pull requests that I'm the reviewer
2019-08-12T10:41:32.656Z - info:   [25692] Polling for pull requests...
2019-08-12T10:41:32.657Z - info:   [25692] Getting pull requests that I requested...
2019-08-12T10:41:32.657Z - info:   [25692] Polling for latest current build status...
2019-08-12T10:41:32.658Z - info:   [25692] Getting current build from badge...
2019-08-12T10:41:32.658Z - info:   [25692] Polling for the pinned work itemquery
2019-08-12T10:41:32.658Z - info:   [25692] Running pinned work item query to get count (Business Central for TFB)...
2019-08-12T10:41:33.151Z - info:   [25692] No builds were found for team Business Central for TFB, repo id d3bc9b07-8d9b-464b-bf38-55a66e6e7800, + branch master
2019-08-12T10:41:33.416Z - info:   [25692] Retrieved 0 pull requests that I requested
2019-08-12T10:41:33.417Z - info:   [25692] Getting pull requests for which I'm a reviewer...
2019-08-12T10:41:33.630Z - info:   [25692] Retrieved 0 pull requests that I'm the reviewer
